{"C:\\Users\\exhar\\Desktop\\React\\filmes\\src\\App.tsx": {"path":"C:\\Users\\exhar\\Desktop\\React\\filmes\\src\\App.tsx","statementMap":{"0":{"start":{"line":8,"column":19},"end":{"line":14,"column":1}},"1":{"start":{"line":20,"column":2},"end":{"line":32,"column":3}}},"fnMap":{"0":{"name":"App","decl":{"start":{"line":16,"column":9},"end":{"line":16,"column":12}},"loc":{"start":{"line":16,"column":15},"end":{"line":33,"column":1}},"line":16}},"branchMap":{},"s":{"0":0,"1":0},"f":{"0":0},"b":{}}
,"C:\\Users\\exhar\\Desktop\\React\\filmes\\src\\main.tsx": {"path":"C:\\Users\\exhar\\Desktop\\React\\filmes\\src\\main.tsx","statementMap":{"0":{"start":{"line":23,"column":0},"end":{"line":40,"column":1}}},"fnMap":{},"branchMap":{},"s":{"0":0},"f":{},"b":{}}
,"C:\\Users\\exhar\\Desktop\\React\\filmes\\src\\vite-env.d.ts": {"path":"C:\\Users\\exhar\\Desktop\\React\\filmes\\src\\vite-env.d.ts","statementMap":{},"fnMap":{},"branchMap":{},"s":{},"f":{},"b":{}}
,"C:\\Users\\exhar\\Desktop\\React\\filmes\\src\\components\\Bar.tsx": {"path":"C:\\Users\\exhar\\Desktop\\React\\filmes\\src\\components\\Bar.tsx","statementMap":{"0":{"start":{"line":6,"column":21},"end":{"line":6,"column":45}},"1":{"start":{"line":7,"column":2},"end":{"line":19,"column":3}}},"fnMap":{"0":{"name":"Bar","decl":{"start":{"line":5,"column":16},"end":{"line":5,"column":19}},"loc":{"start":{"line":5,"column":22},"end":{"line":20,"column":1}},"line":5}},"branchMap":{"0":{"loc":{"start":{"line":11,"column":11},"end":{"line":15,"column":11}},"type":"cond-expr","locations":[{"start":{"line":12,"column":12},"end":{"line":12,"column":36}},{"start":{"line":14,"column":12},"end":{"line":14,"column":36}}],"line":11}},"s":{"0":0,"1":0},"f":{"0":0},"b":{"0":[0,0]}}
,"C:\\Users\\exhar\\Desktop\\React\\filmes\\src\\components\\Footer.tsx": {"path":"C:\\Users\\exhar\\Desktop\\React\\filmes\\src\\components\\Footer.tsx","statementMap":{"0":{"start":{"line":3,"column":15},"end":{"line":8,"column":1}},"1":{"start":{"line":4,"column":2},"end":{"line":7,"column":3}}},"fnMap":{"0":{"name":"(anonymous_0)","decl":{"start":{"line":3,"column":15},"end":{"line":3,"column":16}},"loc":{"start":{"line":3,"column":21},"end":{"line":8,"column":1}},"line":3}},"branchMap":{},"s":{"0":1,"1":1},"f":{"0":1},"b":{},"_coverageSchema":"1a1c01bbd47fc00a2c39e90264f33305004495a9","hash":"5a5efc8430ba2fe73e9e9ca1c56645aad6bb86ef"}
,"C:\\Users\\exhar\\Desktop\\React\\filmes\\src\\components\\MovieCard.tsx": {"path":"C:\\Users\\exhar\\Desktop\\React\\filmes\\src\\components\\MovieCard.tsx","statementMap":{"0":{"start":{"line":8,"column":17},"end":{"line":8,"column":52}},"1":{"start":{"line":9,"column":21},"end":{"line":9,"column":56}},"2":{"start":{"line":22,"column":18},"end":{"line":117,"column":1}},"3":{"start":{"line":23,"column":19},"end":{"line":23,"column":43}},"4":{"start":{"line":24,"column":26},"end":{"line":24,"column":51}},"5":{"start":{"line":25,"column":24},"end":{"line":27,"column":3}},"6":{"start":{"line":26,"column":4},"end":{"line":26,"column":19}},"7":{"start":{"line":29,"column":2},"end":{"line":116,"column":4}},"8":{"start":{"line":94,"column":12},"end":{"line":111,"column":18}},"9":{"start":{"line":98,"column":16},"end":{"line":98,"column":37}}},"fnMap":{"0":{"name":"(anonymous_0)","decl":{"start":{"line":22,"column":18},"end":{"line":22,"column":19}},"loc":{"start":{"line":22,"column":39},"end":{"line":117,"column":1}},"line":22},"1":{"name":"(anonymous_1)","decl":{"start":{"line":25,"column":24},"end":{"line":25,"column":25}},"loc":{"start":{"line":25,"column":40},"end":{"line":27,"column":3}},"line":25},"2":{"name":"(anonymous_2)","decl":{"start":{"line":93,"column":21},"end":{"line":93,"column":22}},"loc":{"start":{"line":94,"column":12},"end":{"line":111,"column":18}},"line":94},"3":{"name":"(anonymous_3)","decl":{"start":{"line":97,"column":28},"end":{"line":97,"column":29}},"loc":{"start":{"line":97,"column":34},"end":{"line":99,"column":15}},"line":97}},"branchMap":{"0":{"loc":{"start":{"line":35,"column":12},"end":{"line":37,"column":49}},"type":"cond-expr","locations":[{"start":{"line":36,"column":16},"end":{"line":36,"column":54}},{"start":{"line":37,"column":16},"end":{"line":37,"column":49}}],"line":35},"1":{"loc":{"start":{"line":43,"column":12},"end":{"line":45,"column":47}},"type":"cond-expr","locations":[{"start":{"line":44,"column":16},"end":{"line":44,"column":52}},{"start":{"line":45,"column":16},"end":{"line":45,"column":47}}],"line":43},"2":{"loc":{"start":{"line":50,"column":13},"end":{"line":50,"column":49}},"type":"cond-expr","locations":[{"start":{"line":50,"column":21},"end":{"line":50,"column":36}},{"start":{"line":50,"column":39},"end":{"line":50,"column":49}}],"line":50},"3":{"loc":{"start":{"line":54,"column":13},"end":{"line":54,"column":55}},"type":"cond-expr","locations":[{"start":{"line":54,"column":21},"end":{"line":54,"column":39}},{"start":{"line":54,"column":42},"end":{"line":54,"column":55}}],"line":54},"4":{"loc":{"start":{"line":57,"column":13},"end":{"line":77,"column":13}},"type":"cond-expr","locations":[{"start":{"line":58,"column":14},"end":{"line":66,"column":21}},{"start":{"line":68,"column":14},"end":{"line":76,"column":21}}],"line":57},"5":{"loc":{"start":{"line":60,"column":19},"end":{"line":64,"column":19}},"type":"cond-expr","locations":[{"start":{"line":61,"column":20},"end":{"line":61,"column":41}},{"start":{"line":63,"column":20},"end":{"line":63,"column":40}}],"line":60},"6":{"loc":{"start":{"line":70,"column":19},"end":{"line":74,"column":19}},"type":"cond-expr","locations":[{"start":{"line":71,"column":20},"end":{"line":71,"column":41}},{"start":{"line":73,"column":20},"end":{"line":73,"column":40}}],"line":70},"7":{"loc":{"start":{"line":90,"column":9},"end":{"line":113,"column":9}},"type":"cond-expr","locations":[{"start":{"line":91,"column":10},"end":{"line":91,"column":30}},{"start":{"line":93,"column":10},"end":{"line":112,"column":12}}],"line":90}},"s":{"0":0,"1":0,"2":0,"3":0,"4":0,"5":0,"6":0,"7":0,"8":0,"9":0},"f":{"0":0,"1":0,"2":0,"3":0},"b":{"0":[0,0],"1":[0,0],"2":[0,0],"3":[0,0],"4":[0,0],"5":[0,0],"6":[0,0],"7":[0,0]}}
,"C:\\Users\\exhar\\Desktop\\React\\filmes\\src\\components\\Navbar.tsx": {"path":"C:\\Users\\exhar\\Desktop\\React\\filmes\\src\\components\\Navbar.tsx","statementMap":{"0":{"start":{"line":38,"column":0},"end":{"line":38,"column":3}},"1":{"start":{"line":40,"column":15},"end":{"line":279,"column":1}},"2":{"start":{"line":41,"column":30},"end":{"line":41,"column":42}},"3":{"start":{"line":42,"column":19},"end":{"line":42,"column":32}},"4":{"start":{"line":44,"column":19},"end":{"line":44,"column":43}},"5":{"start":{"line":46,"column":4},"end":{"line":46,"column":33}},"6":{"start":{"line":48,"column":17},"end":{"line":48,"column":59}},"7":{"start":{"line":49,"column":22},"end":{"line":49,"column":69}},"8":{"start":{"line":51,"column":23},"end":{"line":57,"column":3}},"9":{"start":{"line":52,"column":4},"end":{"line":52,"column":23}},"10":{"start":{"line":53,"column":4},"end":{"line":53,"column":24}},"11":{"start":{"line":53,"column":17},"end":{"line":53,"column":24}},"12":{"start":{"line":55,"column":4},"end":{"line":55,"column":36}},"13":{"start":{"line":56,"column":4},"end":{"line":56,"column":18}},"14":{"start":{"line":59,"column":36},"end":{"line":59,"column":53}},"15":{"start":{"line":60,"column":40},"end":{"line":60,"column":56}},"16":{"start":{"line":62,"column":23},"end":{"line":66,"column":3}},"17":{"start":{"line":63,"column":16},"end":{"line":63,"column":32}},"18":{"start":{"line":64,"column":17},"end":{"line":64,"column":33}},"19":{"start":{"line":65,"column":4},"end":{"line":65,"column":30}},"20":{"start":{"line":68,"column":2},"end":{"line":71,"column":9}},"21":{"start":{"line":69,"column":21},"end":{"line":69,"column":74}},"22":{"start":{"line":70,"column":4},"end":{"line":70,"column":27}},"23":{"start":{"line":73,"column":2},"end":{"line":76,"column":20}},"24":{"start":{"line":74,"column":27},"end":{"line":74,"column":80}},"25":{"start":{"line":75,"column":4},"end":{"line":75,"column":33}},"26":{"start":{"line":78,"column":2},"end":{"line":81,"column":23}},"27":{"start":{"line":79,"column":27},"end":{"line":79,"column":80}},"28":{"start":{"line":80,"column":4},"end":{"line":80,"column":33}},"29":{"start":{"line":83,"column":2},"end":{"line":278,"column":4}},"30":{"start":{"line":138,"column":24},"end":{"line":147,"column":30}},"31":{"start":{"line":163,"column":37},"end":{"line":163,"column":62}},"32":{"start":{"line":202,"column":47},"end":{"line":202,"column":72}}},"fnMap":{"0":{"name":"(anonymous_0)","decl":{"start":{"line":40,"column":15},"end":{"line":40,"column":16}},"loc":{"start":{"line":40,"column":21},"end":{"line":279,"column":1}},"line":40},"1":{"name":"(anonymous_1)","decl":{"start":{"line":51,"column":23},"end":{"line":51,"column":24}},"loc":{"start":{"line":51,"column":35},"end":{"line":57,"column":3}},"line":51},"2":{"name":"(anonymous_2)","decl":{"start":{"line":62,"column":23},"end":{"line":62,"column":24}},"loc":{"start":{"line":62,"column":46},"end":{"line":66,"column":3}},"line":62},"3":{"name":"(anonymous_3)","decl":{"start":{"line":68,"column":12},"end":{"line":68,"column":13}},"loc":{"start":{"line":68,"column":18},"end":{"line":71,"column":3}},"line":68},"4":{"name":"(anonymous_4)","decl":{"start":{"line":73,"column":12},"end":{"line":73,"column":13}},"loc":{"start":{"line":73,"column":18},"end":{"line":76,"column":3}},"line":73},"5":{"name":"(anonymous_5)","decl":{"start":{"line":78,"column":12},"end":{"line":78,"column":13}},"loc":{"start":{"line":78,"column":18},"end":{"line":81,"column":3}},"line":78},"6":{"name":"(anonymous_6)","decl":{"start":{"line":137,"column":37},"end":{"line":137,"column":38}},"loc":{"start":{"line":138,"column":24},"end":{"line":147,"column":30}},"line":138},"7":{"name":"(anonymous_7)","decl":{"start":{"line":163,"column":30},"end":{"line":163,"column":31}},"loc":{"start":{"line":163,"column":37},"end":{"line":163,"column":62}},"line":163},"8":{"name":"(anonymous_8)","decl":{"start":{"line":202,"column":40},"end":{"line":202,"column":41}},"loc":{"start":{"line":202,"column":47},"end":{"line":202,"column":72}},"line":202}},"branchMap":{"0":{"loc":{"start":{"line":53,"column":4},"end":{"line":53,"column":24}},"type":"if","locations":[{"start":{"line":53,"column":4},"end":{"line":53,"column":24}},{"start":{},"end":{}}],"line":53},"1":{"loc":{"start":{"line":110,"column":19},"end":{"line":120,"column":19}},"type":"cond-expr","locations":[{"start":{"line":111,"column":20},"end":{"line":114,"column":22}},{"start":{"line":116,"column":20},"end":{"line":119,"column":22}}],"line":110},"2":{"loc":{"start":{"line":161,"column":22},"end":{"line":161,"column":73}},"type":"cond-expr","locations":[{"start":{"line":161,"column":51},"end":{"line":161,"column":62}},{"start":{"line":161,"column":65},"end":{"line":161,"column":73}}],"line":161},"3":{"loc":{"start":{"line":198,"column":32},"end":{"line":200,"column":44}},"type":"cond-expr","locations":[{"start":{"line":199,"column":36},"end":{"line":199,"column":47}},{"start":{"line":200,"column":36},"end":{"line":200,"column":44}}],"line":198},"4":{"loc":{"start":{"line":222,"column":13},"end":{"line":238,"column":13}},"type":"cond-expr","locations":[{"start":{"line":223,"column":14},"end":{"line":223,"column":19}},{"start":{"line":225,"column":14},"end":{"line":237,"column":20}}],"line":222}},"s":{"0":0,"1":0,"2":0,"3":0,"4":0,"5":0,"6":0,"7":0,"8":0,"9":0,"10":0,"11":0,"12":0,"13":0,"14":0,"15":0,"16":0,"17":0,"18":0,"19":0,"20":0,"21":0,"22":0,"23":0,"24":0,"25":0,"26":0,"27":0,"28":0,"29":0,"30":0,"31":0,"32":0},"f":{"0":0,"1":0,"2":0,"3":0,"4":0,"5":0,"6":0,"7":0,"8":0},"b":{"0":[0,0],"1":[0,0],"2":[0,0],"3":[0,0],"4":[0,0]}}
,"C:\\Users\\exhar\\Desktop\\React\\filmes\\src\\context\\LanguageContext.tsx": {"path":"C:\\Users\\exhar\\Desktop\\React\\filmes\\src\\context\\LanguageContext.tsx","statementMap":{"0":{"start":{"line":4,"column":28},"end":{"line":4,"column":50}},"1":{"start":{"line":6,"column":29},"end":{"line":16,"column":1}},"2":{"start":{"line":7,"column":30},"end":{"line":7,"column":47}},"3":{"start":{"line":9,"column":24},"end":{"line":11,"column":5}},"4":{"start":{"line":10,"column":8},"end":{"line":10,"column":55}},"5":{"start":{"line":13,"column":4},"end":{"line":15,"column":5}}},"fnMap":{"0":{"name":"(anonymous_0)","decl":{"start":{"line":6,"column":29},"end":{"line":6,"column":30}},"loc":{"start":{"line":6,"column":47},"end":{"line":16,"column":1}},"line":6},"1":{"name":"(anonymous_1)","decl":{"start":{"line":9,"column":24},"end":{"line":9,"column":25}},"loc":{"start":{"line":9,"column":30},"end":{"line":11,"column":5}},"line":9}},"branchMap":{"0":{"loc":{"start":{"line":10,"column":17},"end":{"line":10,"column":54}},"type":"cond-expr","locations":[{"start":{"line":10,"column":37},"end":{"line":10,"column":44}},{"start":{"line":10,"column":47},"end":{"line":10,"column":54}}],"line":10}},"s":{"0":0,"1":0,"2":0,"3":0,"4":0,"5":0},"f":{"0":0,"1":0},"b":{"0":[0,0]}}
,"C:\\Users\\exhar\\Desktop\\React\\filmes\\src\\context\\PaginationContext.tsx": {"path":"C:\\Users\\exhar\\Desktop\\React\\filmes\\src\\context\\PaginationContext.tsx","statementMap":{"0":{"start":{"line":4,"column":33},"end":{"line":4,"column":55}},"1":{"start":{"line":6,"column":34},"end":{"line":23,"column":1}},"2":{"start":{"line":7,"column":40},"end":{"line":7,"column":59}},"3":{"start":{"line":9,"column":26},"end":{"line":11,"column":5}},"4":{"start":{"line":10,"column":8},"end":{"line":10,"column":50}},"5":{"start":{"line":10,"column":40},"end":{"line":10,"column":48}},"6":{"start":{"line":12,"column":25},"end":{"line":14,"column":5}},"7":{"start":{"line":13,"column":8},"end":{"line":13,"column":50}},"8":{"start":{"line":13,"column":40},"end":{"line":13,"column":48}},"9":{"start":{"line":16,"column":27},"end":{"line":18,"column":5}},"10":{"start":{"line":17,"column":8},"end":{"line":17,"column":24}},"11":{"start":{"line":20,"column":4},"end":{"line":22,"column":5}}},"fnMap":{"0":{"name":"(anonymous_0)","decl":{"start":{"line":6,"column":34},"end":{"line":6,"column":35}},"loc":{"start":{"line":6,"column":52},"end":{"line":23,"column":1}},"line":6},"1":{"name":"(anonymous_1)","decl":{"start":{"line":9,"column":26},"end":{"line":9,"column":27}},"loc":{"start":{"line":9,"column":32},"end":{"line":11,"column":5}},"line":9},"2":{"name":"(anonymous_2)","decl":{"start":{"line":10,"column":22},"end":{"line":10,"column":23}},"loc":{"start":{"line":10,"column":40},"end":{"line":10,"column":48}},"line":10},"3":{"name":"(anonymous_3)","decl":{"start":{"line":12,"column":25},"end":{"line":12,"column":26}},"loc":{"start":{"line":12,"column":31},"end":{"line":14,"column":5}},"line":12},"4":{"name":"(anonymous_4)","decl":{"start":{"line":13,"column":22},"end":{"line":13,"column":23}},"loc":{"start":{"line":13,"column":40},"end":{"line":13,"column":48}},"line":13},"5":{"name":"(anonymous_5)","decl":{"start":{"line":16,"column":27},"end":{"line":16,"column":28}},"loc":{"start":{"line":16,"column":33},"end":{"line":18,"column":5}},"line":16}},"branchMap":{},"s":{"0":0,"1":0,"2":0,"3":0,"4":0,"5":0,"6":0,"7":0,"8":0,"9":0,"10":0,"11":0},"f":{"0":0,"1":0,"2":0,"3":0,"4":0,"5":0},"b":{}}
,"C:\\Users\\exhar\\Desktop\\React\\filmes\\src\\pages\\Genre.tsx": {"path":"C:\\Users\\exhar\\Desktop\\React\\filmes\\src\\pages\\Genre.tsx","statementMap":{"0":{"start":{"line":8,"column":18},"end":{"line":8,"column":55}},"1":{"start":{"line":9,"column":15},"end":{"line":9,"column":57}},"2":{"start":{"line":10,"column":17},"end":{"line":10,"column":63}},"3":{"start":{"line":11,"column":17},"end":{"line":11,"column":52}},"4":{"start":{"line":12,"column":21},"end":{"line":12,"column":56}},"5":{"start":{"line":14,"column":14},"end":{"line":84,"column":1}},"6":{"start":{"line":15,"column":17},"end":{"line":15,"column":28}},"7":{"start":{"line":16,"column":19},"end":{"line":16,"column":30}},"8":{"start":{"line":17,"column":30},"end":{"line":17,"column":47}},"9":{"start":{"line":19,"column":19},"end":{"line":19,"column":43}},"10":{"start":{"line":21,"column":4},"end":{"line":21,"column":33}},"11":{"start":{"line":23,"column":20},"end":{"line":29,"column":3}},"12":{"start":{"line":24,"column":16},"end":{"line":24,"column":32}},"13":{"start":{"line":25,"column":17},"end":{"line":25,"column":33}},"14":{"start":{"line":27,"column":4},"end":{"line":27,"column":28}},"15":{"start":{"line":28,"column":4},"end":{"line":28,"column":30}},"16":{"start":{"line":31,"column":26},"end":{"line":31,"column":43}},"17":{"start":{"line":32,"column":24},"end":{"line":35,"column":3}},"18":{"start":{"line":33,"column":4},"end":{"line":33,"column":19}},"19":{"start":{"line":34,"column":4},"end":{"line":34,"column":22}},"20":{"start":{"line":37,"column":2},"end":{"line":40,"column":19}},"21":{"start":{"line":38,"column":22},"end":{"line":38,"column":108}},"22":{"start":{"line":39,"column":4},"end":{"line":39,"column":25}},"23":{"start":{"line":42,"column":2},"end":{"line":46,"column":11}},"24":{"start":{"line":43,"column":22},"end":{"line":43,"column":89}},"25":{"start":{"line":44,"column":4},"end":{"line":44,"column":25}},"26":{"start":{"line":45,"column":4},"end":{"line":45,"column":21}},"27":{"start":{"line":48,"column":2},"end":{"line":50,"column":19}},"28":{"start":{"line":49,"column":4},"end":{"line":49,"column":26}},"29":{"start":{"line":52,"column":2},"end":{"line":55,"column":23}},"30":{"start":{"line":53,"column":27},"end":{"line":53,"column":113}},"31":{"start":{"line":54,"column":4},"end":{"line":54,"column":30}},"32":{"start":{"line":57,"column":2},"end":{"line":83,"column":4}}},"fnMap":{"0":{"name":"(anonymous_0)","decl":{"start":{"line":14,"column":14},"end":{"line":14,"column":15}},"loc":{"start":{"line":14,"column":20},"end":{"line":84,"column":1}},"line":14},"1":{"name":"(anonymous_1)","decl":{"start":{"line":23,"column":20},"end":{"line":23,"column":21}},"loc":{"start":{"line":23,"column":43},"end":{"line":29,"column":3}},"line":23},"2":{"name":"(anonymous_2)","decl":{"start":{"line":32,"column":24},"end":{"line":32,"column":25}},"loc":{"start":{"line":32,"column":40},"end":{"line":35,"column":3}},"line":32},"3":{"name":"(anonymous_3)","decl":{"start":{"line":37,"column":12},"end":{"line":37,"column":13}},"loc":{"start":{"line":37,"column":18},"end":{"line":40,"column":3}},"line":37},"4":{"name":"(anonymous_4)","decl":{"start":{"line":42,"column":12},"end":{"line":42,"column":13}},"loc":{"start":{"line":42,"column":18},"end":{"line":46,"column":3}},"line":42},"5":{"name":"(anonymous_5)","decl":{"start":{"line":48,"column":18},"end":{"line":48,"column":19}},"loc":{"start":{"line":48,"column":24},"end":{"line":50,"column":3}},"line":48},"6":{"name":"(anonymous_6)","decl":{"start":{"line":52,"column":12},"end":{"line":52,"column":13}},"loc":{"start":{"line":52,"column":18},"end":{"line":55,"column":3}},"line":52}},"branchMap":{"0":{"loc":{"start":{"line":61,"column":11},"end":{"line":71,"column":11}},"type":"cond-expr","locations":[{"start":{"line":62,"column":12},"end":{"line":65,"column":19}},{"start":{"line":67,"column":12},"end":{"line":70,"column":19}}],"line":61},"1":{"loc":{"start":{"line":75,"column":7},"end":{"line":79,"column":7}},"type":"cond-expr","locations":[{"start":{"line":76,"column":8},"end":{"line":76,"column":28}},{"start":{"line":78,"column":8},"end":{"line":78,"column":37}}],"line":75}},"s":{"0":0,"1":0,"2":0,"3":0,"4":0,"5":0,"6":0,"7":0,"8":0,"9":0,"10":0,"11":0,"12":0,"13":0,"14":0,"15":0,"16":0,"17":0,"18":0,"19":0,"20":0,"21":0,"22":0,"23":0,"24":0,"25":0,"26":0,"27":0,"28":0,"29":0,"30":0,"31":0,"32":0},"f":{"0":0,"1":0,"2":0,"3":0,"4":0,"5":0,"6":0},"b":{"0":[0,0],"1":[0,0]}}
,"C:\\Users\\exhar\\Desktop\\React\\filmes\\src\\pages\\Home.tsx": {"path":"C:\\Users\\exhar\\Desktop\\React\\filmes\\src\\pages\\Home.tsx","statementMap":{"0":{"start":{"line":8,"column":18},"end":{"line":8,"column":55}},"1":{"start":{"line":9,"column":15},"end":{"line":9,"column":57}},"2":{"start":{"line":10,"column":20},"end":{"line":10,"column":67}},"3":{"start":{"line":11,"column":17},"end":{"line":11,"column":52}},"4":{"start":{"line":12,"column":21},"end":{"line":12,"column":56}},"5":{"start":{"line":18,"column":0},"end":{"line":18,"column":3}},"6":{"start":{"line":31,"column":13},"end":{"line":87,"column":1}},"7":{"start":{"line":32,"column":30},"end":{"line":32,"column":47}},"8":{"start":{"line":33,"column":36},"end":{"line":33,"column":53}},"9":{"start":{"line":35,"column":19},"end":{"line":35,"column":43}},"10":{"start":{"line":37,"column":4},"end":{"line":37,"column":33}},"11":{"start":{"line":39,"column":24},"end":{"line":43,"column":3}},"12":{"start":{"line":40,"column":16},"end":{"line":40,"column":32}},"13":{"start":{"line":41,"column":17},"end":{"line":41,"column":33}},"14":{"start":{"line":42,"column":4},"end":{"line":42,"column":28}},"15":{"start":{"line":45,"column":23},"end":{"line":49,"column":3}},"16":{"start":{"line":46,"column":16},"end":{"line":46,"column":32}},"17":{"start":{"line":47,"column":17},"end":{"line":47,"column":33}},"18":{"start":{"line":48,"column":4},"end":{"line":48,"column":30}},"19":{"start":{"line":51,"column":15},"end":{"line":51,"column":19}},"20":{"start":{"line":53,"column":2},"end":{"line":56,"column":19}},"21":{"start":{"line":54,"column":22},"end":{"line":54,"column":99}},"22":{"start":{"line":55,"column":4},"end":{"line":55,"column":29}},"23":{"start":{"line":58,"column":2},"end":{"line":60,"column":19}},"24":{"start":{"line":59,"column":4},"end":{"line":59,"column":26}},"25":{"start":{"line":62,"column":2},"end":{"line":67,"column":9}},"26":{"start":{"line":63,"column":25},"end":{"line":63,"column":102}},"27":{"start":{"line":64,"column":4},"end":{"line":64,"column":32}},"28":{"start":{"line":65,"column":21},"end":{"line":65,"column":74}},"29":{"start":{"line":66,"column":4},"end":{"line":66,"column":27}},"30":{"start":{"line":69,"column":2},"end":{"line":74,"column":23}},"31":{"start":{"line":70,"column":27},"end":{"line":70,"column":104}},"32":{"start":{"line":71,"column":4},"end":{"line":71,"column":34}},"33":{"start":{"line":72,"column":27},"end":{"line":72,"column":80}},"34":{"start":{"line":73,"column":4},"end":{"line":73,"column":33}},"35":{"start":{"line":76,"column":2},"end":{"line":86,"column":4}}},"fnMap":{"0":{"name":"(anonymous_0)","decl":{"start":{"line":31,"column":13},"end":{"line":31,"column":14}},"loc":{"start":{"line":31,"column":19},"end":{"line":87,"column":1}},"line":31},"1":{"name":"(anonymous_1)","decl":{"start":{"line":39,"column":24},"end":{"line":39,"column":25}},"loc":{"start":{"line":39,"column":47},"end":{"line":43,"column":3}},"line":39},"2":{"name":"(anonymous_2)","decl":{"start":{"line":45,"column":23},"end":{"line":45,"column":24}},"loc":{"start":{"line":45,"column":46},"end":{"line":49,"column":3}},"line":45},"3":{"name":"(anonymous_3)","decl":{"start":{"line":53,"column":12},"end":{"line":53,"column":13}},"loc":{"start":{"line":53,"column":18},"end":{"line":56,"column":3}},"line":53},"4":{"name":"(anonymous_4)","decl":{"start":{"line":58,"column":18},"end":{"line":58,"column":19}},"loc":{"start":{"line":58,"column":24},"end":{"line":60,"column":3}},"line":58},"5":{"name":"(anonymous_5)","decl":{"start":{"line":62,"column":12},"end":{"line":62,"column":13}},"loc":{"start":{"line":62,"column":18},"end":{"line":67,"column":3}},"line":62},"6":{"name":"(anonymous_6)","decl":{"start":{"line":69,"column":12},"end":{"line":69,"column":13}},"loc":{"start":{"line":69,"column":18},"end":{"line":74,"column":3}},"line":69}},"branchMap":{"0":{"loc":{"start":{"line":78,"column":7},"end":{"line":82,"column":7}},"type":"cond-expr","locations":[{"start":{"line":79,"column":8},"end":{"line":79,"column":28}},{"start":{"line":81,"column":8},"end":{"line":81,"column":37}}],"line":78}},"s":{"0":0,"1":0,"2":0,"3":0,"4":0,"5":0,"6":0,"7":0,"8":0,"9":0,"10":0,"11":0,"12":0,"13":0,"14":0,"15":0,"16":0,"17":0,"18":0,"19":0,"20":0,"21":0,"22":0,"23":0,"24":0,"25":0,"26":0,"27":0,"28":0,"29":0,"30":0,"31":0,"32":0,"33":0,"34":0,"35":0},"f":{"0":0,"1":0,"2":0,"3":0,"4":0,"5":0,"6":0},"b":{"0":[0,0]}}
,"C:\\Users\\exhar\\Desktop\\React\\filmes\\src\\pages\\Movie.tsx": {"path":"C:\\Users\\exhar\\Desktop\\React\\filmes\\src\\pages\\Movie.tsx","statementMap":{"0":{"start":{"line":21,"column":18},"end":{"line":21,"column":55}},"1":{"start":{"line":22,"column":15},"end":{"line":22,"column":57}},"2":{"start":{"line":24,"column":17},"end":{"line":24,"column":55}},"3":{"start":{"line":25,"column":21},"end":{"line":25,"column":59}},"4":{"start":{"line":27,"column":14},"end":{"line":251,"column":1}},"5":{"start":{"line":28,"column":17},"end":{"line":28,"column":28}},"6":{"start":{"line":29,"column":28},"end":{"line":29,"column":47}},"7":{"start":{"line":31,"column":19},"end":{"line":31,"column":43}},"8":{"start":{"line":33,"column":19},"end":{"line":38,"column":3}},"9":{"start":{"line":34,"column":16},"end":{"line":34,"column":32}},"10":{"start":{"line":35,"column":17},"end":{"line":35,"column":33}},"11":{"start":{"line":37,"column":4},"end":{"line":37,"column":19}},"12":{"start":{"line":40,"column":25},"end":{"line":45,"column":3}},"13":{"start":{"line":41,"column":4},"end":{"line":44,"column":7}},"14":{"start":{"line":47,"column":2},"end":{"line":50,"column":9}},"15":{"start":{"line":48,"column":21},"end":{"line":48,"column":65}},"16":{"start":{"line":49,"column":4},"end":{"line":49,"column":23}},"17":{"start":{"line":56,"column":2},"end":{"line":56,"column":5}},"18":{"start":{"line":58,"column":2},"end":{"line":250,"column":4}},"19":{"start":{"line":177,"column":18},"end":{"line":182,"column":24}}},"fnMap":{"0":{"name":"(anonymous_0)","decl":{"start":{"line":27,"column":14},"end":{"line":27,"column":15}},"loc":{"start":{"line":27,"column":20},"end":{"line":251,"column":1}},"line":27},"1":{"name":"(anonymous_1)","decl":{"start":{"line":33,"column":19},"end":{"line":33,"column":20}},"loc":{"start":{"line":33,"column":42},"end":{"line":38,"column":3}},"line":33},"2":{"name":"(anonymous_2)","decl":{"start":{"line":40,"column":25},"end":{"line":40,"column":26}},"loc":{"start":{"line":40,"column":45},"end":{"line":45,"column":3}},"line":40},"3":{"name":"(anonymous_3)","decl":{"start":{"line":47,"column":12},"end":{"line":47,"column":13}},"loc":{"start":{"line":47,"column":18},"end":{"line":50,"column":3}},"line":47},"4":{"name":"(anonymous_4)","decl":{"start":{"line":176,"column":34},"end":{"line":176,"column":35}},"loc":{"start":{"line":177,"column":18},"end":{"line":182,"column":24}},"line":177}},"branchMap":{"0":{"loc":{"start":{"line":60,"column":7},"end":{"line":248,"column":7}},"type":"binary-expr","locations":[{"start":{"line":60,"column":7},"end":{"line":60,"column":12}},{"start":{"line":61,"column":8},"end":{"line":247,"column":11}}],"line":60},"1":{"loc":{"start":{"line":74,"column":17},"end":{"line":82,"column":17}},"type":"binary-expr","locations":[{"start":{"line":74,"column":17},"end":{"line":74,"column":41}},{"start":{"line":75,"column":18},"end":{"line":81,"column":24}}],"line":74},"2":{"loc":{"start":{"line":83,"column":17},"end":{"line":91,"column":17}},"type":"binary-expr","locations":[{"start":{"line":83,"column":17},"end":{"line":83,"column":40}},{"start":{"line":83,"column":44},"end":{"line":83,"column":68}},{"start":{"line":84,"column":18},"end":{"line":90,"column":24}}],"line":83},"3":{"loc":{"start":{"line":92,"column":17},"end":{"line":100,"column":17}},"type":"binary-expr","locations":[{"start":{"line":92,"column":17},"end":{"line":92,"column":40}},{"start":{"line":92,"column":44},"end":{"line":92,"column":66}},{"start":{"line":93,"column":18},"end":{"line":99,"column":24}}],"line":92},"4":{"loc":{"start":{"line":101,"column":17},"end":{"line":109,"column":17}},"type":"binary-expr","locations":[{"start":{"line":101,"column":17},"end":{"line":101,"column":40}},{"start":{"line":101,"column":44},"end":{"line":101,"column":66}},{"start":{"line":102,"column":18},"end":{"line":108,"column":24}}],"line":101},"5":{"loc":{"start":{"line":110,"column":17},"end":{"line":118,"column":17}},"type":"binary-expr","locations":[{"start":{"line":110,"column":17},"end":{"line":110,"column":40}},{"start":{"line":110,"column":44},"end":{"line":110,"column":66}},{"start":{"line":111,"column":18},"end":{"line":117,"column":24}}],"line":110},"6":{"loc":{"start":{"line":119,"column":17},"end":{"line":127,"column":17}},"type":"binary-expr","locations":[{"start":{"line":119,"column":17},"end":{"line":119,"column":40}},{"start":{"line":119,"column":44},"end":{"line":119,"column":66}},{"start":{"line":120,"column":18},"end":{"line":126,"column":24}}],"line":119},"7":{"loc":{"start":{"line":128,"column":17},"end":{"line":136,"column":17}},"type":"binary-expr","locations":[{"start":{"line":128,"column":17},"end":{"line":128,"column":40}},{"start":{"line":128,"column":44},"end":{"line":128,"column":66}},{"start":{"line":129,"column":18},"end":{"line":135,"column":24}}],"line":128},"8":{"loc":{"start":{"line":137,"column":17},"end":{"line":145,"column":17}},"type":"binary-expr","locations":[{"start":{"line":137,"column":17},"end":{"line":137,"column":40}},{"start":{"line":137,"column":44},"end":{"line":137,"column":66}},{"start":{"line":138,"column":18},"end":{"line":144,"column":24}}],"line":137},"9":{"loc":{"start":{"line":146,"column":17},"end":{"line":154,"column":17}},"type":"binary-expr","locations":[{"start":{"line":146,"column":17},"end":{"line":146,"column":40}},{"start":{"line":146,"column":44},"end":{"line":146,"column":66}},{"start":{"line":147,"column":18},"end":{"line":153,"column":24}}],"line":146},"10":{"loc":{"start":{"line":155,"column":17},"end":{"line":163,"column":17}},"type":"binary-expr","locations":[{"start":{"line":155,"column":17},"end":{"line":155,"column":40}},{"start":{"line":155,"column":44},"end":{"line":155,"column":66}},{"start":{"line":156,"column":18},"end":{"line":162,"column":24}}],"line":155},"11":{"loc":{"start":{"line":164,"column":17},"end":{"line":172,"column":17}},"type":"binary-expr","locations":[{"start":{"line":164,"column":17},"end":{"line":164,"column":41}},{"start":{"line":164,"column":45},"end":{"line":164,"column":67}},{"start":{"line":165,"column":18},"end":{"line":171,"column":24}}],"line":164},"12":{"loc":{"start":{"line":191,"column":64},"end":{"line":191,"column":148}},"type":"cond-expr","locations":[{"start":{"line":191,"column":94},"end":{"line":191,"column":117}},{"start":{"line":191,"column":122},"end":{"line":191,"column":147}}],"line":191},"13":{"loc":{"start":{"line":200,"column":46},"end":{"line":200,"column":125}},"type":"cond-expr","locations":[{"start":{"line":200,"column":76},"end":{"line":200,"column":97}},{"start":{"line":200,"column":102},"end":{"line":200,"column":124}}],"line":200},"14":{"loc":{"start":{"line":207,"column":60},"end":{"line":207,"column":139}},"type":"cond-expr","locations":[{"start":{"line":207,"column":90},"end":{"line":207,"column":113}},{"start":{"line":207,"column":118},"end":{"line":207,"column":138}}],"line":207},"15":{"loc":{"start":{"line":214,"column":60},"end":{"line":214,"column":138}},"type":"cond-expr","locations":[{"start":{"line":214,"column":90},"end":{"line":214,"column":111}},{"start":{"line":214,"column":116},"end":{"line":214,"column":137}}],"line":214},"16":{"loc":{"start":{"line":222,"column":46},"end":{"line":222,"column":143}},"type":"cond-expr","locations":[{"start":{"line":222,"column":76},"end":{"line":222,"column":108}},{"start":{"line":222,"column":113},"end":{"line":222,"column":142}}],"line":222},"17":{"loc":{"start":{"line":229,"column":57},"end":{"line":229,"column":129}},"type":"cond-expr","locations":[{"start":{"line":229,"column":87},"end":{"line":229,"column":105}},{"start":{"line":229,"column":110},"end":{"line":229,"column":128}}],"line":229},"18":{"loc":{"start":{"line":242,"column":19},"end":{"line":242,"column":111}},"type":"cond-expr","locations":[{"start":{"line":242,"column":49},"end":{"line":242,"column":80}},{"start":{"line":242,"column":85},"end":{"line":242,"column":110}}],"line":242}},"s":{"0":0,"1":0,"2":0,"3":0,"4":0,"5":0,"6":0,"7":0,"8":0,"9":0,"10":0,"11":0,"12":0,"13":0,"14":0,"15":0,"16":0,"17":0,"18":0,"19":0},"f":{"0":0,"1":0,"2":0,"3":0,"4":0},"b":{"0":[0,0],"1":[0,0],"2":[0,0,0],"3":[0,0,0],"4":[0,0,0],"5":[0,0,0],"6":[0,0,0],"7":[0,0,0],"8":[0,0,0],"9":[0,0,0],"10":[0,0,0],"11":[0,0,0],"12":[0,0],"13":[0,0],"14":[0,0],"15":[0,0],"16":[0,0],"17":[0,0],"18":[0,0]}}
,"C:\\Users\\exhar\\Desktop\\React\\filmes\\src\\pages\\Search.tsx": {"path":"C:\\Users\\exhar\\Desktop\\React\\filmes\\src\\pages\\Search.tsx","statementMap":{"0":{"start":{"line":7,"column":18},"end":{"line":7,"column":61}},"1":{"start":{"line":8,"column":15},"end":{"line":8,"column":57}},"2":{"start":{"line":9,"column":17},"end":{"line":9,"column":55}},"3":{"start":{"line":10,"column":21},"end":{"line":10,"column":59}},"4":{"start":{"line":12,"column":15},"end":{"line":71,"column":1}},"5":{"start":{"line":13,"column":25},"end":{"line":13,"column":42}},"6":{"start":{"line":14,"column":30},"end":{"line":14,"column":47}},"7":{"start":{"line":15,"column":16},"end":{"line":15,"column":37}},"8":{"start":{"line":17,"column":19},"end":{"line":17,"column":43}},"9":{"start":{"line":19,"column":26},"end":{"line":25,"column":3}},"10":{"start":{"line":20,"column":16},"end":{"line":20,"column":32}},"11":{"start":{"line":21,"column":17},"end":{"line":21,"column":33}},"12":{"start":{"line":22,"column":4},"end":{"line":22,"column":22}},"13":{"start":{"line":24,"column":4},"end":{"line":24,"column":28}},"14":{"start":{"line":27,"column":26},"end":{"line":27,"column":43}},"15":{"start":{"line":28,"column":24},"end":{"line":31,"column":3}},"16":{"start":{"line":29,"column":4},"end":{"line":29,"column":19}},"17":{"start":{"line":30,"column":4},"end":{"line":30,"column":22}},"18":{"start":{"line":33,"column":2},"end":{"line":36,"column":14}},"19":{"start":{"line":34,"column":31},"end":{"line":34,"column":97}},"20":{"start":{"line":35,"column":4},"end":{"line":35,"column":40}},"21":{"start":{"line":38,"column":2},"end":{"line":41,"column":23}},"22":{"start":{"line":39,"column":27},"end":{"line":39,"column":93}},"23":{"start":{"line":40,"column":4},"end":{"line":40,"column":36}},"24":{"start":{"line":43,"column":2},"end":{"line":43,"column":22}},"25":{"start":{"line":45,"column":2},"end":{"line":70,"column":4}}},"fnMap":{"0":{"name":"(anonymous_0)","decl":{"start":{"line":12,"column":15},"end":{"line":12,"column":16}},"loc":{"start":{"line":12,"column":21},"end":{"line":71,"column":1}},"line":12},"1":{"name":"(anonymous_1)","decl":{"start":{"line":19,"column":26},"end":{"line":19,"column":27}},"loc":{"start":{"line":19,"column":49},"end":{"line":25,"column":3}},"line":19},"2":{"name":"(anonymous_2)","decl":{"start":{"line":28,"column":24},"end":{"line":28,"column":25}},"loc":{"start":{"line":28,"column":40},"end":{"line":31,"column":3}},"line":28},"3":{"name":"(anonymous_3)","decl":{"start":{"line":33,"column":12},"end":{"line":33,"column":13}},"loc":{"start":{"line":33,"column":18},"end":{"line":36,"column":3}},"line":33},"4":{"name":"(anonymous_4)","decl":{"start":{"line":38,"column":12},"end":{"line":38,"column":13}},"loc":{"start":{"line":38,"column":18},"end":{"line":41,"column":3}},"line":38}},"branchMap":{"0":{"loc":{"start":{"line":49,"column":11},"end":{"line":59,"column":11}},"type":"cond-expr","locations":[{"start":{"line":50,"column":12},"end":{"line":53,"column":19}},{"start":{"line":55,"column":12},"end":{"line":58,"column":19}}],"line":49},"1":{"loc":{"start":{"line":62,"column":7},"end":{"line":66,"column":7}},"type":"cond-expr","locations":[{"start":{"line":63,"column":8},"end":{"line":63,"column":28}},{"start":{"line":65,"column":8},"end":{"line":65,"column":37}}],"line":62}},"s":{"0":0,"1":0,"2":0,"3":0,"4":0,"5":0,"6":0,"7":0,"8":0,"9":0,"10":0,"11":0,"12":0,"13":0,"14":0,"15":0,"16":0,"17":0,"18":0,"19":0,"20":0,"21":0,"22":0,"23":0,"24":0,"25":0},"f":{"0":0,"1":0,"2":0,"3":0,"4":0},"b":{"0":[0,0],"1":[0,0]}}
}
